<?xml version="1.0" encoding="UTF-8"?>
<testng-results ignored="0" total="1" passed="1" failed="0" skipped="0">
  <reporter-output>
    <line>
      <![CDATA[rowcount:14]]>
    </line>
    <line>
      <![CDATA[username and password are valid]]>
    </line>
    <line>
      <![CDATA[Incorrect user ID or passworddashboard-----http://webapp.qedgetech.com/login.php]]>
    </line>
    <line>
      <![CDATA[Incorrect user ID or passworddashboard-----http://webapp.qedgetech.com/login.php]]>
    </line>
    <line>
      <![CDATA[Incorrect user ID or passworddashboard-----http://webapp.qedgetech.com/login.php]]>
    </line>
    <line>
      <![CDATA[Incorrect user ID or passworddashboard-----http://webapp.qedgetech.com/login.php]]>
    </line>
    <line>
      <![CDATA[username and password are valid]]>
    </line>
    <line>
      <![CDATA[Incorrect user ID or passworddashboard-----http://webapp.qedgetech.com/login.php]]>
    </line>
    <line>
      <![CDATA[Incorrect user ID or passworddashboard-----http://webapp.qedgetech.com/login.php]]>
    </line>
    <line>
      <![CDATA[Incorrect user ID or passworddashboard-----http://webapp.qedgetech.com/login.php]]>
    </line>
    <line>
      <![CDATA[Incorrect user ID or passworddashboard-----http://webapp.qedgetech.com/login.php]]>
    </line>
    <line>
      <![CDATA[Incorrect user ID or passworddashboard-----http://webapp.qedgetech.com/login.php]]>
    </line>
    <line>
      <![CDATA[username and password are valid]]>
    </line>
    <line>
      <![CDATA[Incorrect user ID or passworddashboard-----http://webapp.qedgetech.com/login.php]]>
    </line>
    <line>
      <![CDATA[Incorrect user ID or passworddashboard-----http://webapp.qedgetech.com/login.php]]>
    </line>
  </reporter-output>
  <suite started-at="2024-01-08T13:18:59 IST" name="Default suite" finished-at="2024-01-08T13:20:48 IST" duration-ms="109110">
    <groups>
    </groups>
    <test started-at="2024-01-08T13:18:59 IST" name="Default test" finished-at="2024-01-08T13:20:48 IST" duration-ms="109110">
      <class name="DriverFactory.DriverScript">
        <test-method is-config="true" signature="setup()[pri:0, instance:DriverFactory.DriverScript@73e9cf30]" started-at="2024-01-08T13:18:59 IST" name="setup" finished-at="2024-01-08T13:19:03 IST" duration-ms="3766" status="PASS">
          <reporter-output>
          </reporter-output>
        </test-method> <!-- setup -->
        <test-method signature="starttest()[pri:0, instance:DriverFactory.DriverScript@73e9cf30]" started-at="2024-01-08T13:19:03 IST" name="starttest" finished-at="2024-01-08T13:20:47 IST" duration-ms="104453" status="PASS">
          <reporter-output>
            <line>
              <![CDATA[rowcount:14]]>
            </line>
            <line>
              <![CDATA[username and password are valid]]>
            </line>
            <line>
              <![CDATA[Incorrect user ID or passworddashboard-----http://webapp.qedgetech.com/login.php]]>
            </line>
            <line>
              <![CDATA[Incorrect user ID or passworddashboard-----http://webapp.qedgetech.com/login.php]]>
            </line>
            <line>
              <![CDATA[Incorrect user ID or passworddashboard-----http://webapp.qedgetech.com/login.php]]>
            </line>
            <line>
              <![CDATA[Incorrect user ID or passworddashboard-----http://webapp.qedgetech.com/login.php]]>
            </line>
            <line>
              <![CDATA[username and password are valid]]>
            </line>
            <line>
              <![CDATA[Incorrect user ID or passworddashboard-----http://webapp.qedgetech.com/login.php]]>
            </line>
            <line>
              <![CDATA[Incorrect user ID or passworddashboard-----http://webapp.qedgetech.com/login.php]]>
            </line>
            <line>
              <![CDATA[Incorrect user ID or passworddashboard-----http://webapp.qedgetech.com/login.php]]>
            </line>
            <line>
              <![CDATA[Incorrect user ID or passworddashboard-----http://webapp.qedgetech.com/login.php]]>
            </line>
            <line>
              <![CDATA[Incorrect user ID or passworddashboard-----http://webapp.qedgetech.com/login.php]]>
            </line>
            <line>
              <![CDATA[username and password are valid]]>
            </line>
            <line>
              <![CDATA[Incorrect user ID or passworddashboard-----http://webapp.qedgetech.com/login.php]]>
            </line>
            <line>
              <![CDATA[Incorrect user ID or passworddashboard-----http://webapp.qedgetech.com/login.php]]>
            </line>
          </reporter-output>
        </test-method> <!-- starttest -->
        <test-method is-config="true" signature="teardown()[pri:0, instance:DriverFactory.DriverScript@73e9cf30]" started-at="2024-01-08T13:20:47 IST" name="teardown" finished-at="2024-01-08T13:20:48 IST" duration-ms="853" status="PASS">
          <reporter-output>
          </reporter-output>
        </test-method> <!-- teardown -->
      </class> <!-- DriverFactory.DriverScript -->
    </test> <!-- Default test -->
  </suite> <!-- Default suite -->
</testng-results>
